<?xml version="1.0" encoding="UTF-8"?>
<testsuite xmlns:xsi="http://www.w3.org/2001/XMLSchema-instance" xsi:noNamespaceSchemaLocation="https://maven.apache.org/surefire/maven-surefire-plugin/xsd/surefire-test-report.xsd" name="com.alibou.security.SecurityApplicationTests" time="8.549" tests="1" errors="0" skipped="1" failures="0">
  <properties>
[...]
</properties>
  <testcase name="contextLoads" classname="com.alibou.security.SecurityApplicationTests" time="0">
    <skipped message="void com.alibou.security.SecurityApplicationTests.contextLoads() is @Disabled"/>
    <system-out><![CDATA[12:59:31.288 [main] DEBUG org.springframework.boot.test.context.SpringBootTestContextBootstrapper -- Neither @ContextConfiguration nor @ContextHierarchy found for test class [SecurityApplicationTests]: using SpringBootContextLoader
12:59:31.295 [main] DEBUG org.springframework.test.context.support.AbstractContextLoader -- Could not detect default resource locations for test class [com.alibou.security.SecurityApplicationTests]: no resource found for suffixes {-context.xml, Context.groovy}.
12:59:31.296 [main] INFO org.springframework.test.context.support.AnnotationConfigContextLoaderUtils -- Could not detect default configuration classes for test class [com.alibou.security.SecurityApplicationTests]: SecurityApplicationTests does not declare any static, non-private, non-final, nested classes annotated with @Configuration.
12:59:31.326 [main] DEBUG org.springframework.boot.test.context.SpringBootTestContextBootstrapper -- Using ContextCustomizers for test class [SecurityApplicationTests]: [ExcludeFilterContextCustomizer, DuplicateJsonObjectContextCustomizer, MockitoContextCustomizer, TestRestTemplateContextCustomizer, DisableObservabilityContextCustomizer, PropertyMappingContextCustomizer, Customizer]
12:59:31.443 [main] DEBUG org.springframework.context.annotation.ClassPathScanningCandidateComponentProvider -- Identified candidate component class: file [/Users/narayansoni/Downloads/spring-boot-3-jwt-security/target/classes/com/alibou/security/SecurityApplication.class]
12:59:31.446 [main] INFO org.springframework.boot.test.context.SpringBootTestContextBootstrapper -- Found @SpringBootConfiguration com.alibou.security.SecurityApplication for test class com.alibou.security.SecurityApplicationTests
12:59:31.572 [main] DEBUG org.springframework.boot.test.context.SpringBootTestContextBootstrapper -- Using TestExecutionListeners for test class [SecurityApplicationTests]: [ServletTestExecutionListener, DirtiesContextBeforeModesTestExecutionListener, ApplicationEventsTestExecutionListener, MockitoTestExecutionListener, DependencyInjectionTestExecutionListener, DirtiesContextTestExecutionListener, TransactionalTestExecutionListener, SqlScriptsTestExecutionListener, EventPublishingTestExecutionListener, WithSecurityContextTestExecutionListener, ReactorContextTestExecutionListener, ResetMocksTestExecutionListener, RestDocsTestExecutionListener, MockRestServiceServerResetTestExecutionListener, MockMvcPrintOnlyOnFailureTestExecutionListener, WebDriverTestExecutionListener, MockWebServiceServerTestExecutionListener]
12:59:31.574 [main] DEBUG org.springframework.test.context.support.AbstractDirtiesContextTestExecutionListener -- Before test class: class [SecurityApplicationTests], class annotated with @DirtiesContext [false] with mode [null]

  .   ____          _            __ _ _
 /\\ / ___'_ __ _ _(_)_ __  __ _ \ \ \ \
( ( )\___ | '_ | '_| | '_ \/ _` | \ \ \ \
 \\/  ___)| |_)| | | | | || (_| |  ) ) ) )
  '  |____| .__|_| |_|_| |_\__, | / / / /
 =========|_|==============|___/=/_/_/_/
 :: Spring Boot ::                (v3.0.5)

2023-07-29T12:59:32.136-05:00  INFO 3459 --- [           main] c.a.security.SecurityApplicationTests    : Starting SecurityApplicationTests using Java 17.0.5 with PID 3459 (started by narayansoni in /Users/narayansoni/Downloads/spring-boot-3-jwt-security)
2023-07-29T12:59:32.142-05:00  INFO 3459 --- [           main] c.a.security.SecurityApplicationTests    : No active profile set, falling back to 1 default profile: "default"
2023-07-29T12:59:33.766-05:00  INFO 3459 --- [           main] .s.d.r.c.RepositoryConfigurationDelegate : Bootstrapping Spring Data JPA repositories in DEFAULT mode.
2023-07-29T12:59:33.860-05:00  INFO 3459 --- [           main] .s.d.r.c.RepositoryConfigurationDelegate : Finished Spring Data repository scanning in 83 ms. Found 2 JPA repository interfaces.
2023-07-29T12:59:34.980-05:00  INFO 3459 --- [           main] o.hibernate.jpa.internal.util.LogHelper  : HHH000204: Processing PersistenceUnitInfo [name: default]
2023-07-29T12:59:35.026-05:00  INFO 3459 --- [           main] org.hibernate.Version                    : HHH000412: Hibernate ORM core version 6.1.7.Final
2023-07-29T12:59:35.320-05:00  INFO 3459 --- [           main] com.zaxxer.hikari.HikariDataSource       : HikariPool-1 - Starting...
2023-07-29T12:59:35.471-05:00  INFO 3459 --- [           main] com.zaxxer.hikari.pool.HikariPool        : HikariPool-1 - Added connection org.postgresql.jdbc.PgConnection@4b98225c
2023-07-29T12:59:35.473-05:00  INFO 3459 --- [           main] com.zaxxer.hikari.HikariDataSource       : HikariPool-1 - Start completed.
2023-07-29T12:59:35.503-05:00  INFO 3459 --- [           main] SQL dialect                              : HHH000400: Using dialect: org.hibernate.dialect.PostgreSQLDialect
2023-07-29T12:59:36.498-05:00  WARN 3459 --- [           main] o.h.engine.jdbc.spi.SqlExceptionHelper   : SQL Warning Code: 0, SQLState: 00000
2023-07-29T12:59:36.499-05:00  WARN 3459 --- [           main] o.h.engine.jdbc.spi.SqlExceptionHelper   : relation "token" does not exist, skipping
2023-07-29T12:59:36.500-05:00  WARN 3459 --- [           main] o.h.engine.jdbc.spi.SqlExceptionHelper   : SQL Warning Code: 0, SQLState: 00000
2023-07-29T12:59:36.500-05:00  WARN 3459 --- [           main] o.h.engine.jdbc.spi.SqlExceptionHelper   : table "_user" does not exist, skipping
2023-07-29T12:59:36.500-05:00  WARN 3459 --- [           main] o.h.engine.jdbc.spi.SqlExceptionHelper   : SQL Warning Code: 0, SQLState: 00000
2023-07-29T12:59:36.500-05:00  WARN 3459 --- [           main] o.h.engine.jdbc.spi.SqlExceptionHelper   : table "token" does not exist, skipping
2023-07-29T12:59:36.501-05:00  WARN 3459 --- [           main] o.h.engine.jdbc.spi.SqlExceptionHelper   : SQL Warning Code: 0, SQLState: 00000
2023-07-29T12:59:36.501-05:00  WARN 3459 --- [           main] o.h.engine.jdbc.spi.SqlExceptionHelper   : sequence "_user_seq" does not exist, skipping
2023-07-29T12:59:36.502-05:00  WARN 3459 --- [           main] o.h.engine.jdbc.spi.SqlExceptionHelper   : SQL Warning Code: 0, SQLState: 00000
2023-07-29T12:59:36.502-05:00  WARN 3459 --- [           main] o.h.engine.jdbc.spi.SqlExceptionHelper   : sequence "token_seq" does not exist, skipping
2023-07-29T12:59:36.541-05:00  INFO 3459 --- [           main] o.h.e.t.j.p.i.JtaPlatformInitiator       : HHH000490: Using JtaPlatform implementation: [org.hibernate.engine.transaction.jta.platform.internal.NoJtaPlatform]
2023-07-29T12:59:36.553-05:00  INFO 3459 --- [           main] j.LocalContainerEntityManagerFactoryBean : Initialized JPA EntityManagerFactory for persistence unit 'default'
2023-07-29T12:59:38.049-05:00  WARN 3459 --- [           main] JpaBaseConfiguration$JpaWebConfiguration : spring.jpa.open-in-view is enabled by default. Therefore, database queries may be performed during view rendering. Explicitly configure spring.jpa.open-in-view to disable this warning
2023-07-29T12:59:38.576-05:00  INFO 3459 --- [           main] o.s.s.web.DefaultSecurityFilterChain     : Will secure any request with [org.springframework.security.web.session.DisableEncodeUrlFilter@a1143cc, org.springframework.security.web.context.request.async.WebAsyncManagerIntegrationFilter@62857555, org.springframework.security.web.context.SecurityContextHolderFilter@498d7c57, org.springframework.security.web.header.HeaderWriterFilter@6a40e660, org.springframework.security.web.authentication.logout.LogoutFilter@1469015e, com.alibou.security.config.JwtAuthenticationFilter@28d2afd8, org.springframework.security.web.savedrequest.RequestCacheAwareFilter@66b9f727, org.springframework.security.web.servletapi.SecurityContextHolderAwareRequestFilter@f7e004d, org.springframework.security.web.authentication.AnonymousAuthenticationFilter@48149568, org.springframework.security.web.session.SessionManagementFilter@f7a8a7b, org.springframework.security.web.access.ExceptionTranslationFilter@2b3fd4d2, org.springframework.security.web.access.intercept.AuthorizationFilter@4e24db00]
2023-07-29T12:59:39.200-05:00  INFO 3459 --- [           main] c.a.security.SecurityApplicationTests    : Started SecurityApplicationTests in 7.569 seconds (process running for 9.049)
Admin token: eyJhbGciOiJIUzI1NiJ9.eyJzdWIiOiJhZG1pbkBtYWlsLmNvbSIsImlhdCI6MTY5MDY1MzU3OSwiZXhwIjoxNjkwNzM5OTc5fQ.xiOByTKFtuashfeEWZcpJKPgp8oYeEmGuPe8WnyRr60
Manager token: eyJhbGciOiJIUzI1NiJ9.eyJzdWIiOiJtYW5hZ2VyQG1haWwuY29tIiwiaWF0IjoxNjkwNjUzNTc5LCJleHAiOjE2OTA3Mzk5Nzl9.i91CKIO5pxKMhxH16H0TmDol19D2THAVRdgKqiXpxcQ
]]></system-out>
  </testcase>
</testsuite>